<?xml version="1.0" encoding="UTF-8"?>
<testsuite xmlns:xsi="http://www.w3.org/2001/XMLSchema-instance" xsi:noNamespaceSchemaLocation="https://maven.apache.org/surefire/maven-surefire-plugin/xsd/surefire-test-report.xsd" name="com.example.Testrunner" time="4.154" tests="8" errors="0" skipped="0" failures="0">
  <properties>
[...]
</properties>
  <testcase name="getTest[1][1]" classname="com.example.Testrunner" time="0.702"/>
  <testcase name="getTest[1][2]" classname="com.example.Testrunner" time="0.387"/>
  <testcase name="getTest[1][3]" classname="com.example.Testrunner" time="0.345"/>
  <testcase name="getTest[2][1]" classname="com.example.Testrunner" time="0.408"/>
  <testcase name="getTest[2][2]" classname="com.example.Testrunner" time="0.663"/>
  <testcase name="getTest[3][1]" classname="com.example.Testrunner" time="0.401"/>
  <testcase name="getTest[4][1]" classname="com.example.Testrunner" time="0.446"/>
  <testcase name="getTest[5][1]" classname="com.example.Testrunner" time="0.495"/>
</testsuite>